2026-05-30 22:31:38.599 +05:00 [INF] Executed DbCommand (285ms) [Parameters=[], CommandType='"Text"', CommandTimeout='60']
CREATE DATABASE [ResumeMatcherDb];
2026-05-30 22:31:38.894 +05:00 [INF] Executed DbCommand (176ms) [Parameters=[], CommandType='"Text"', CommandTimeout='60']
IF SERVERPROPERTY('EngineEdition') <> 5
BEGIN
    ALTER DATABASE [ResumeMatcherDb] SET READ_COMMITTED_SNAPSHOT ON;
END;
2026-05-30 22:31:38.954 +05:00 [INF] Executed DbCommand (15ms) [Parameters=[], CommandType='"Text"', CommandTimeout='30']
SELECT 1
2026-05-30 22:31:38.973 +05:00 [INF] Acquiring an exclusive lock for migration application. See https://aka.ms/efcore-docs-migrations-lock for more information if this takes too long.
2026-05-30 22:31:39.038 +05:00 [INF] Executed DbCommand (54ms) [Parameters=[], CommandType='"Text"', CommandTimeout='30']
DECLARE @result int;
EXEC @result = sp_getapplock @Resource = '__EFMigrationsLock', @LockOwner = 'Session', @LockMode = 'Exclusive';
SELECT @result
2026-05-30 22:31:39.239 +05:00 [INF] Executed DbCommand (14ms) [Parameters=[], CommandType='"Text"', CommandTimeout='30']
IF OBJECT_ID(N'[__EFMigrationsHistory]') IS NULL
BEGIN
    CREATE TABLE [__EFMigrationsHistory] (
        [MigrationId] nvarchar(150) NOT NULL,
        [ProductVersion] nvarchar(32) NOT NULL,
        CONSTRAINT [PK___EFMigrationsHistory] PRIMARY KEY ([MigrationId])
    );
END;
2026-05-30 22:31:39.277 +05:00 [INF] Executed DbCommand (2ms) [Parameters=[], CommandType='"Text"', CommandTimeout='30']
SELECT 1
2026-05-30 22:31:39.289 +05:00 [INF] Executed DbCommand (1ms) [Parameters=[], CommandType='"Text"', CommandTimeout='30']
SELECT OBJECT_ID(N'[__EFMigrationsHistory]');
2026-05-30 22:31:39.330 +05:00 [INF] Executed DbCommand (27ms) [Parameters=[], CommandType='"Text"', CommandTimeout='30']
SELECT [MigrationId], [ProductVersion]
FROM [__EFMigrationsHistory]
ORDER BY [MigrationId];
2026-05-30 22:31:39.395 +05:00 [INF] Applying migration '20260530173103_InitialCreate'.
2026-05-30 22:31:39.447 +05:00 [INF] Executed DbCommand (3ms) [Parameters=[], CommandType='"Text"', CommandTimeout='30']
CREATE TABLE [Jobs] (
    [Id] int NOT NULL IDENTITY,
    [Title] nvarchar(300) NOT NULL,
    [Company] nvarchar(300) NOT NULL,
    [Description] nvarchar(max) NOT NULL,
    [RequiredSkills] nvarchar(max) NULL,
    [RequiredExperience] nvarchar(max) NULL,
    [Location] nvarchar(max) NULL,
    [CreatedAt] datetime2 NOT NULL,
    [IsActive] bit NOT NULL,
    CONSTRAINT [PK_Jobs] PRIMARY KEY ([Id])
);
2026-05-30 22:31:39.457 +05:00 [INF] Executed DbCommand (3ms) [Parameters=[], CommandType='"Text"', CommandTimeout='30']
CREATE TABLE [Resumes] (
    [Id] int NOT NULL IDENTITY,
    [CandidateName] nvarchar(200) NOT NULL,
    [FileName] nvarchar(200) NOT NULL,
    [ExtractedText] nvarchar(max) NOT NULL,
    [Skills] nvarchar(max) NULL,
    [Experience] nvarchar(max) NULL,
    [Education] nvarchar(max) NULL,
    [UploadedAt] datetime2 NOT NULL,
    CONSTRAINT [PK_Resumes] PRIMARY KEY ([Id])
);
2026-05-30 22:31:39.467 +05:00 [INF] Executed DbCommand (4ms) [Parameters=[], CommandType='"Text"', CommandTimeout='30']
CREATE TABLE [MatchResults] (
    [Id] int NOT NULL IDENTITY,
    [ResumeId] int NOT NULL,
    [JobId] int NOT NULL,
    [MatchScore] float NOT NULL,
    [MatchedSkills] nvarchar(max) NULL,
    [MissingSkills] nvarchar(max) NULL,
    [AISummary] nvarchar(max) NULL,
    [Recommendation] nvarchar(max) NULL,
    [AnalyzedAt] datetime2 NOT NULL,
    CONSTRAINT [PK_MatchResults] PRIMARY KEY ([Id]),
    CONSTRAINT [FK_MatchResults_Jobs_JobId] FOREIGN KEY ([JobId]) REFERENCES [Jobs] ([Id]) ON DELETE CASCADE,
    CONSTRAINT [FK_MatchResults_Resumes_ResumeId] FOREIGN KEY ([ResumeId]) REFERENCES [Resumes] ([Id]) ON DELETE CASCADE
);
2026-05-30 22:31:39.475 +05:00 [INF] Executed DbCommand (2ms) [Parameters=[], CommandType='"Text"', CommandTimeout='30']
CREATE INDEX [IX_MatchResults_JobId] ON [MatchResults] ([JobId]);
2026-05-30 22:31:39.482 +05:00 [INF] Executed DbCommand (2ms) [Parameters=[], CommandType='"Text"', CommandTimeout='30']
CREATE INDEX [IX_MatchResults_ResumeId] ON [MatchResults] ([ResumeId]);
2026-05-30 22:31:39.494 +05:00 [INF] Executed DbCommand (6ms) [Parameters=[], CommandType='"Text"', CommandTimeout='30']
INSERT INTO [__EFMigrationsHistory] ([MigrationId], [ProductVersion])
VALUES (N'20260530173103_InitialCreate', N'9.0.0');
2026-05-30 22:31:39.522 +05:00 [INF] Executed DbCommand (7ms) [Parameters=[], CommandType='"Text"', CommandTimeout='30']
DECLARE @result int;
EXEC @result = sp_releaseapplock @Resource = '__EFMigrationsLock', @LockOwner = 'Session';
SELECT @result
2026-05-30 22:32:07.101 +05:00 [INF] Executed DbCommand (22ms) [Parameters=[], CommandType='"Text"', CommandTimeout='30']
SELECT 1
2026-05-30 22:32:07.183 +05:00 [INF] Acquiring an exclusive lock for migration application. See https://aka.ms/efcore-docs-migrations-lock for more information if this takes too long.
2026-05-30 22:32:07.227 +05:00 [INF] Executed DbCommand (36ms) [Parameters=[], CommandType='"Text"', CommandTimeout='30']
DECLARE @result int;
EXEC @result = sp_getapplock @Resource = '__EFMigrationsLock', @LockOwner = 'Session', @LockMode = 'Exclusive';
SELECT @result
2026-05-30 22:32:07.388 +05:00 [INF] Executed DbCommand (12ms) [Parameters=[], CommandType='"Text"', CommandTimeout='30']
IF OBJECT_ID(N'[__EFMigrationsHistory]') IS NULL
BEGIN
    CREATE TABLE [__EFMigrationsHistory] (
        [MigrationId] nvarchar(150) NOT NULL,
        [ProductVersion] nvarchar(32) NOT NULL,
        CONSTRAINT [PK___EFMigrationsHistory] PRIMARY KEY ([MigrationId])
    );
END;
2026-05-30 22:32:07.423 +05:00 [INF] Executed DbCommand (2ms) [Parameters=[], CommandType='"Text"', CommandTimeout='30']
SELECT 1
2026-05-30 22:32:07.433 +05:00 [INF] Executed DbCommand (1ms) [Parameters=[], CommandType='"Text"', CommandTimeout='30']
SELECT OBJECT_ID(N'[__EFMigrationsHistory]');
2026-05-30 22:32:07.463 +05:00 [INF] Executed DbCommand (17ms) [Parameters=[], CommandType='"Text"', CommandTimeout='30']
SELECT [MigrationId], [ProductVersion]
FROM [__EFMigrationsHistory]
ORDER BY [MigrationId];
2026-05-30 22:32:07.513 +05:00 [INF] No migrations were applied. The database is already up to date.
2026-05-30 22:32:07.531 +05:00 [INF] Executed DbCommand (3ms) [Parameters=[], CommandType='"Text"', CommandTimeout='30']
DECLARE @result int;
EXEC @result = sp_releaseapplock @Resource = '__EFMigrationsLock', @LockOwner = 'Session';
SELECT @result
2026-05-30 22:32:07.593 +05:00 [INF] User profile is available. Using 'C:\Users\BOSS\AppData\Local\ASP.NET\DataProtection-Keys' as key repository and Windows DPAPI to encrypt keys at rest.
2026-05-30 22:32:07.643 +05:00 [INF] Creating key {4353d735-5f5c-4f1c-87fb-01ac130708df} with creation date 2026-05-30 17:32:07Z, activation date 2026-05-30 17:32:07Z, and expiration date 2026-08-28 17:32:07Z.
2026-05-30 22:32:07.678 +05:00 [INF] Writing data to file 'C:\Users\BOSS\AppData\Local\ASP.NET\DataProtection-Keys\key-4353d735-5f5c-4f1c-87fb-01ac130708df.xml'.
2026-05-30 22:32:07.829 +05:00 [INF] Now listening on: http://localhost:5089
2026-05-30 22:32:07.839 +05:00 [INF] Application started. Press Ctrl+C to shut down.
2026-05-30 22:32:07.843 +05:00 [INF] Hosting environment: Development
2026-05-30 22:32:07.846 +05:00 [INF] Content root path: C:\Users\BOSS\VS\ResumeMatcher
2026-05-30 22:33:09.305 +05:00 [INF] Application is shutting down...
2026-05-30 22:39:21.675 +05:00 [INF] Executed DbCommand (42ms) [Parameters=[], CommandType='"Text"', CommandTimeout='30']
SELECT 1
2026-05-30 22:39:21.835 +05:00 [INF] Acquiring an exclusive lock for migration application. See https://aka.ms/efcore-docs-migrations-lock for more information if this takes too long.
2026-05-30 22:39:21.899 +05:00 [INF] Executed DbCommand (53ms) [Parameters=[], CommandType='"Text"', CommandTimeout='30']
DECLARE @result int;
EXEC @result = sp_getapplock @Resource = '__EFMigrationsLock', @LockOwner = 'Session', @LockMode = 'Exclusive';
SELECT @result
2026-05-30 22:39:22.105 +05:00 [INF] Executed DbCommand (12ms) [Parameters=[], CommandType='"Text"', CommandTimeout='30']
IF OBJECT_ID(N'[__EFMigrationsHistory]') IS NULL
BEGIN
    CREATE TABLE [__EFMigrationsHistory] (
        [MigrationId] nvarchar(150) NOT NULL,
        [ProductVersion] nvarchar(32) NOT NULL,
        CONSTRAINT [PK___EFMigrationsHistory] PRIMARY KEY ([MigrationId])
    );
END;
2026-05-30 22:39:22.136 +05:00 [INF] Executed DbCommand (1ms) [Parameters=[], CommandType='"Text"', CommandTimeout='30']
SELECT 1
2026-05-30 22:39:22.145 +05:00 [INF] Executed DbCommand (1ms) [Parameters=[], CommandType='"Text"', CommandTimeout='30']
SELECT OBJECT_ID(N'[__EFMigrationsHistory]');
2026-05-30 22:39:22.174 +05:00 [INF] Executed DbCommand (18ms) [Parameters=[], CommandType='"Text"', CommandTimeout='30']
SELECT [MigrationId], [ProductVersion]
FROM [__EFMigrationsHistory]
ORDER BY [MigrationId];
2026-05-30 22:39:22.206 +05:00 [INF] No migrations were applied. The database is already up to date.
2026-05-30 22:39:22.224 +05:00 [INF] Executed DbCommand (5ms) [Parameters=[], CommandType='"Text"', CommandTimeout='30']
DECLARE @result int;
EXEC @result = sp_releaseapplock @Resource = '__EFMigrationsLock', @LockOwner = 'Session';
SELECT @result
2026-05-30 22:39:35.662 +05:00 [INF] Executed DbCommand (46ms) [Parameters=[], CommandType='"Text"', CommandTimeout='30']
SELECT 1
2026-05-30 22:39:35.994 +05:00 [INF] Executed DbCommand (185ms) [Parameters=[], CommandType='"Text"', CommandTimeout='30']

IF EXISTS
    (SELECT *
     FROM [sys].[objects] o
     WHERE [o].[type] = 'U'
     AND [o].[is_ms_shipped] = 0
     AND NOT EXISTS (SELECT *
         FROM [sys].[extended_properties] AS [ep]
         WHERE [ep].[major_id] = [o].[object_id]
             AND [ep].[minor_id] = 0
             AND [ep].[class] = 1
             AND [ep].[name] = N'microsoft_database_tools_support'
    )
)
SELECT 1 ELSE SELECT 0
2026-05-30 22:39:36.042 +05:00 [INF] User profile is available. Using 'C:\Users\BOSS\AppData\Local\ASP.NET\DataProtection-Keys' as key repository and Windows DPAPI to encrypt keys at rest.
2026-05-30 22:39:36.256 +05:00 [INF] Now listening on: http://localhost:5089
2026-05-30 22:39:36.267 +05:00 [INF] Application started. Press Ctrl+C to shut down.
2026-05-30 22:39:36.271 +05:00 [INF] Hosting environment: Development
2026-05-30 22:39:36.273 +05:00 [INF] Content root path: C:\Users\BOSS\VS\ResumeMatcher
2026-05-30 22:39:53.351 +05:00 [INF] Application is shutting down...
2026-05-30 17:41:59.904 +00:00 [WRN] DB init skipped: LocalDB is not supported on this platform.
2026-05-30 17:42:00.089 +00:00 [WRN] Storing keys in a directory '/root/.aspnet/DataProtection-Keys' that may not be persisted outside of the container. Protected data will be unavailable when container is destroyed. For more information go to https://aka.ms/aspnet/dataprotectionwarning
2026-05-30 17:42:00.094 +00:00 [INF] User profile is available. Using '/root/.aspnet/DataProtection-Keys' as key repository; keys will not be encrypted at rest.
2026-05-30 17:42:00.141 +00:00 [INF] Creating key {23f22474-9b5e-4757-9367-c1608dc21de6} with creation date 2026-05-30 17:42:00Z, activation date 2026-05-30 17:42:00Z, and expiration date 2026-08-28 17:42:00Z.
2026-05-30 17:42:00.164 +00:00 [WRN] No XML encryptor configured. Key {23f22474-9b5e-4757-9367-c1608dc21de6} may be persisted to storage in unencrypted form.
2026-05-30 17:42:00.177 +00:00 [INF] Writing data to file '/root/.aspnet/DataProtection-Keys/key-23f22474-9b5e-4757-9367-c1608dc21de6.xml'.
2026-05-30 17:42:01.099 +00:00 [INF] Now listening on: http://[::]:8080
2026-05-30 17:42:01.104 +00:00 [INF] Now listening on: https://[::]:8081
2026-05-30 17:42:01.106 +00:00 [INF] Application started. Press Ctrl+C to shut down.
2026-05-30 17:42:01.109 +00:00 [INF] Hosting environment: Development
2026-05-30 17:42:01.110 +00:00 [INF] Content root path: /app
2026-05-30 17:42:51.109 +00:00 [WRN] DB init skipped: LocalDB is not supported on this platform.
2026-05-30 17:42:51.431 +00:00 [WRN] Storing keys in a directory '/root/.aspnet/DataProtection-Keys' that may not be persisted outside of the container. Protected data will be unavailable when container is destroyed. For more information go to https://aka.ms/aspnet/dataprotectionwarning
2026-05-30 17:42:51.435 +00:00 [INF] User profile is available. Using '/root/.aspnet/DataProtection-Keys' as key repository; keys will not be encrypted at rest.
2026-05-30 17:42:52.404 +00:00 [INF] Now listening on: http://[::]:8080
2026-05-30 17:42:52.407 +00:00 [INF] Now listening on: https://[::]:8081
2026-05-30 17:42:52.409 +00:00 [INF] Application started. Press Ctrl+C to shut down.
2026-05-30 17:42:52.414 +00:00 [INF] Hosting environment: Development
2026-05-30 17:42:52.415 +00:00 [INF] Content root path: /app
2026-05-30 22:50:51.751 +05:00 [INF] Executed DbCommand (45ms) [Parameters=[], CommandType='"Text"', CommandTimeout='30']
SELECT 1
2026-05-30 22:50:51.890 +05:00 [INF] Acquiring an exclusive lock for migration application. See https://aka.ms/efcore-docs-migrations-lock for more information if this takes too long.
2026-05-30 22:50:51.963 +05:00 [INF] Executed DbCommand (59ms) [Parameters=[], CommandType='"Text"', CommandTimeout='30']
DECLARE @result int;
EXEC @result = sp_getapplock @Resource = '__EFMigrationsLock', @LockOwner = 'Session', @LockMode = 'Exclusive';
SELECT @result
2026-05-30 22:50:52.192 +05:00 [INF] Executed DbCommand (6ms) [Parameters=[], CommandType='"Text"', CommandTimeout='30']
IF OBJECT_ID(N'[__EFMigrationsHistory]') IS NULL
BEGIN
    CREATE TABLE [__EFMigrationsHistory] (
        [MigrationId] nvarchar(150) NOT NULL,
        [ProductVersion] nvarchar(32) NOT NULL,
        CONSTRAINT [PK___EFMigrationsHistory] PRIMARY KEY ([MigrationId])
    );
END;
2026-05-30 22:50:52.217 +05:00 [INF] Executed DbCommand (1ms) [Parameters=[], CommandType='"Text"', CommandTimeout='30']
SELECT 1
2026-05-30 22:50:52.228 +05:00 [INF] Executed DbCommand (1ms) [Parameters=[], CommandType='"Text"', CommandTimeout='30']
SELECT OBJECT_ID(N'[__EFMigrationsHistory]');
2026-05-30 22:50:52.267 +05:00 [INF] Executed DbCommand (25ms) [Parameters=[], CommandType='"Text"', CommandTimeout='30']
SELECT [MigrationId], [ProductVersion]
FROM [__EFMigrationsHistory]
ORDER BY [MigrationId];
2026-05-30 22:50:52.299 +05:00 [INF] No migrations were applied. The database is already up to date.
2026-05-30 22:50:52.309 +05:00 [INF] Executed DbCommand (5ms) [Parameters=[], CommandType='"Text"', CommandTimeout='30']
DECLARE @result int;
EXEC @result = sp_releaseapplock @Resource = '__EFMigrationsLock', @LockOwner = 'Session';
SELECT @result
2026-05-30 22:51:39.882 +05:00 [INF] Executed DbCommand (46ms) [Parameters=[], CommandType='"Text"', CommandTimeout='30']
SELECT 1
2026-05-30 22:51:40.142 +05:00 [INF] Executed DbCommand (119ms) [Parameters=[], CommandType='"Text"', CommandTimeout='30']

IF EXISTS
    (SELECT *
     FROM [sys].[objects] o
     WHERE [o].[type] = 'U'
     AND [o].[is_ms_shipped] = 0
     AND [o].[object_id] NOT IN (SELECT [ep].[major_id]
        FROM [sys].[extended_properties] AS [ep]
        WHERE [ep].[minor_id] = 0
            AND [ep].[class] = 1
            AND [ep].[name] = N'microsoft_database_tools_support'
    )
)
SELECT 1 ELSE SELECT 0
2026-05-30 22:51:40.214 +05:00 [INF] User profile is available. Using 'C:\Users\BOSS\AppData\Local\ASP.NET\DataProtection-Keys' as key repository and Windows DPAPI to encrypt keys at rest.
2026-05-30 22:51:40.490 +05:00 [INF] Now listening on: http://localhost:5089
2026-05-30 22:51:40.500 +05:00 [INF] Application started. Press Ctrl+C to shut down.
2026-05-30 22:51:40.505 +05:00 [INF] Hosting environment: Development
2026-05-30 22:51:40.510 +05:00 [INF] Content root path: C:\Users\BOSS\VS\ResumeMatcher
2026-05-30 22:59:43.413 +05:00 [INF] Application is shutting down...
2026-05-30 23:00:00.864 +05:00 [INF] Executed DbCommand (54ms) [Parameters=[], CommandType='"Text"', CommandTimeout='30']
SELECT 1
2026-05-30 23:00:01.108 +05:00 [INF] Executed DbCommand (85ms) [Parameters=[], CommandType='"Text"', CommandTimeout='30']

IF EXISTS
    (SELECT *
     FROM [sys].[objects] o
     WHERE [o].[type] = 'U'
     AND [o].[is_ms_shipped] = 0
     AND [o].[object_id] NOT IN (SELECT [ep].[major_id]
        FROM [sys].[extended_properties] AS [ep]
        WHERE [ep].[minor_id] = 0
            AND [ep].[class] = 1
            AND [ep].[name] = N'microsoft_database_tools_support'
    )
)
SELECT 1 ELSE SELECT 0
2026-05-30 23:00:01.158 +05:00 [INF] User profile is available. Using 'C:\Users\BOSS\AppData\Local\ASP.NET\DataProtection-Keys' as key repository and Windows DPAPI to encrypt keys at rest.
2026-05-30 23:00:01.432 +05:00 [INF] Now listening on: https://localhost:7001
2026-05-30 23:00:01.435 +05:00 [INF] Now listening on: http://localhost:5001
2026-05-30 23:00:01.440 +05:00 [INF] Application started. Press Ctrl+C to shut down.
2026-05-30 23:00:01.442 +05:00 [INF] Hosting environment: Development
2026-05-30 23:00:01.444 +05:00 [INF] Content root path: C:\Users\BOSS\VS\ResumeMatcher
2026-05-30 23:01:47.681 +05:00 [INF] Request starting HTTP/2 GET https://localhost:7001/ - null null
2026-05-30 23:01:47.747 +05:00 [INF] Executing endpoint 'ResumeMatcher.Controllers.HomeController.Index (ResumeMatcher)'
2026-05-30 23:01:47.815 +05:00 [INF] Route matched with {action = "Index", controller = "Home"}. Executing controller action with signature System.Threading.Tasks.Task`1[Microsoft.AspNetCore.Mvc.IActionResult] Index() on controller ResumeMatcher.Controllers.HomeController (ResumeMatcher).
2026-05-30 23:01:49.120 +05:00 [INF] Executed DbCommand (88ms) [Parameters=[@p='?' (DbType = Int32)], CommandType='"Text"', CommandTimeout='30']
SELECT [m0].[Id], [m0].[AISummary], [m0].[AnalyzedAt], [m0].[JobId], [m0].[MatchScore], [m0].[MatchedSkills], [m0].[MissingSkills], [m0].[Recommendation], [m0].[ResumeId], [r].[Id], [r].[CandidateName], [r].[Education], [r].[Experience], [r].[ExtractedText], [r].[FileName], [r].[Skills], [r].[UploadedAt], [j].[Id], [j].[Company], [j].[CreatedAt], [j].[Description], [j].[IsActive], [j].[Location], [j].[RequiredExperience], [j].[RequiredSkills], [j].[Title]
FROM (
    SELECT TOP(@p) [m].[Id], [m].[AISummary], [m].[AnalyzedAt], [m].[JobId], [m].[MatchScore], [m].[MatchedSkills], [m].[MissingSkills], [m].[Recommendation], [m].[ResumeId]
    FROM [MatchResults] AS [m]
    ORDER BY [m].[AnalyzedAt] DESC
) AS [m0]
INNER JOIN [Resumes] AS [r] ON [m0].[ResumeId] = [r].[Id]
INNER JOIN [Jobs] AS [j] ON [m0].[JobId] = [j].[Id]
ORDER BY [m0].[AnalyzedAt] DESC
2026-05-30 23:01:49.217 +05:00 [INF] Executed DbCommand (3ms) [Parameters=[], CommandType='"Text"', CommandTimeout='30']
SELECT COUNT(*)
FROM [Resumes] AS [r]
2026-05-30 23:01:49.242 +05:00 [INF] Executed DbCommand (3ms) [Parameters=[], CommandType='"Text"', CommandTimeout='30']
SELECT COUNT(*)
FROM [Jobs] AS [j]
2026-05-30 23:01:49.260 +05:00 [INF] Executed DbCommand (3ms) [Parameters=[], CommandType='"Text"', CommandTimeout='30']
SELECT COUNT(*)
FROM [MatchResults] AS [m]
2026-05-30 23:01:49.313 +05:00 [INF] Executed DbCommand (4ms) [Parameters=[], CommandType='"Text"', CommandTimeout='30']
SELECT CASE
    WHEN EXISTS (
        SELECT 1
        FROM [MatchResults] AS [m]) THEN CAST(1 AS bit)
    ELSE CAST(0 AS bit)
END
2026-05-30 23:01:49.364 +05:00 [INF] Executing ViewResult, running view Index.
2026-05-30 23:01:49.443 +05:00 [INF] Executed ViewResult - view Index executed in 77.3616ms.
2026-05-30 23:01:49.456 +05:00 [INF] Executed action ResumeMatcher.Controllers.HomeController.Index (ResumeMatcher) in 1631.4577ms
2026-05-30 23:01:49.466 +05:00 [INF] Executed endpoint 'ResumeMatcher.Controllers.HomeController.Index (ResumeMatcher)'
2026-05-30 23:01:49.491 +05:00 [INF] Request finished HTTP/2 GET https://localhost:7001/ - 200 null text/html; charset=utf-8 1814.6704ms
2026-05-30 23:01:49.559 +05:00 [INF] Request starting HTTP/2 GET https://localhost:7001/favicon.ico - null null
2026-05-30 23:01:49.622 +05:00 [INF] Sending file. Request path: '/favicon.ico'. Physical path: 'C:\Users\BOSS\VS\ResumeMatcher\wwwroot\favicon.ico'
2026-05-30 23:01:49.628 +05:00 [INF] Request finished HTTP/2 GET https://localhost:7001/favicon.ico - 200 5430 image/x-icon 68.6811ms
2026-05-30 23:02:22.752 +05:00 [INF] Request starting HTTP/2 GET https://localhost:7001/ - null null
2026-05-30 23:02:22.766 +05:00 [INF] Executing endpoint 'ResumeMatcher.Controllers.HomeController.Index (ResumeMatcher)'
2026-05-30 23:02:22.770 +05:00 [INF] Route matched with {action = "Index", controller = "Home"}. Executing controller action with signature System.Threading.Tasks.Task`1[Microsoft.AspNetCore.Mvc.IActionResult] Index() on controller ResumeMatcher.Controllers.HomeController (ResumeMatcher).
2026-05-30 23:02:22.996 +05:00 [INF] Executed DbCommand (1ms) [Parameters=[@p='?' (DbType = Int32)], CommandType='"Text"', CommandTimeout='30']
SELECT [m0].[Id], [m0].[AISummary], [m0].[AnalyzedAt], [m0].[JobId], [m0].[MatchScore], [m0].[MatchedSkills], [m0].[MissingSkills], [m0].[Recommendation], [m0].[ResumeId], [r].[Id], [r].[CandidateName], [r].[Education], [r].[Experience], [r].[ExtractedText], [r].[FileName], [r].[Skills], [r].[UploadedAt], [j].[Id], [j].[Company], [j].[CreatedAt], [j].[Description], [j].[IsActive], [j].[Location], [j].[RequiredExperience], [j].[RequiredSkills], [j].[Title]
FROM (
    SELECT TOP(@p) [m].[Id], [m].[AISummary], [m].[AnalyzedAt], [m].[JobId], [m].[MatchScore], [m].[MatchedSkills], [m].[MissingSkills], [m].[Recommendation], [m].[ResumeId]
    FROM [MatchResults] AS [m]
    ORDER BY [m].[AnalyzedAt] DESC
) AS [m0]
INNER JOIN [Resumes] AS [r] ON [m0].[ResumeId] = [r].[Id]
INNER JOIN [Jobs] AS [j] ON [m0].[JobId] = [j].[Id]
ORDER BY [m0].[AnalyzedAt] DESC
2026-05-30 23:02:23.006 +05:00 [INF] Executed DbCommand (1ms) [Parameters=[], CommandType='"Text"', CommandTimeout='30']
SELECT COUNT(*)
FROM [Resumes] AS [r]
2026-05-30 23:02:23.016 +05:00 [INF] Executed DbCommand (1ms) [Parameters=[], CommandType='"Text"', CommandTimeout='30']
SELECT COUNT(*)
FROM [Jobs] AS [j]
2026-05-30 23:02:23.026 +05:00 [INF] Executed DbCommand (1ms) [Parameters=[], CommandType='"Text"', CommandTimeout='30']
SELECT COUNT(*)
FROM [MatchResults] AS [m]
2026-05-30 23:02:23.036 +05:00 [INF] Executed DbCommand (1ms) [Parameters=[], CommandType='"Text"', CommandTimeout='30']
SELECT CASE
    WHEN EXISTS (
        SELECT 1
        FROM [MatchResults] AS [m]) THEN CAST(1 AS bit)
    ELSE CAST(0 AS bit)
END
2026-05-30 23:02:23.046 +05:00 [INF] Executing ViewResult, running view Index.
2026-05-30 23:02:23.064 +05:00 [INF] Executed ViewResult - view Index executed in 18.2608ms.
2026-05-30 23:02:23.070 +05:00 [INF] Executed action ResumeMatcher.Controllers.HomeController.Index (ResumeMatcher) in 292.3664ms
2026-05-30 23:02:23.079 +05:00 [INF] Executed endpoint 'ResumeMatcher.Controllers.HomeController.Index (ResumeMatcher)'
2026-05-30 23:02:23.088 +05:00 [INF] Request finished HTTP/2 GET https://localhost:7001/ - 200 null text/html; charset=utf-8 335.1194ms
2026-05-30 23:04:38.533 +05:00 [INF] Request starting HTTP/2 GET https://localhost:7001/ - null null
2026-05-30 23:04:38.549 +05:00 [INF] Executing endpoint 'ResumeMatcher.Controllers.HomeController.Index (ResumeMatcher)'
2026-05-30 23:04:38.557 +05:00 [INF] Route matched with {action = "Index", controller = "Home"}. Executing controller action with signature System.Threading.Tasks.Task`1[Microsoft.AspNetCore.Mvc.IActionResult] Index() on controller ResumeMatcher.Controllers.HomeController (ResumeMatcher).
2026-05-30 23:04:38.583 +05:00 [INF] Executed DbCommand (2ms) [Parameters=[@p='?' (DbType = Int32)], CommandType='"Text"', CommandTimeout='30']
SELECT [m0].[Id], [m0].[AISummary], [m0].[AnalyzedAt], [m0].[JobId], [m0].[MatchScore], [m0].[MatchedSkills], [m0].[MissingSkills], [m0].[Recommendation], [m0].[ResumeId], [r].[Id], [r].[CandidateName], [r].[Education], [r].[Experience], [r].[ExtractedText], [r].[FileName], [r].[Skills], [r].[UploadedAt], [j].[Id], [j].[Company], [j].[CreatedAt], [j].[Description], [j].[IsActive], [j].[Location], [j].[RequiredExperience], [j].[RequiredSkills], [j].[Title]
FROM (
    SELECT TOP(@p) [m].[Id], [m].[AISummary], [m].[AnalyzedAt], [m].[JobId], [m].[MatchScore], [m].[MatchedSkills], [m].[MissingSkills], [m].[Recommendation], [m].[ResumeId]
    FROM [MatchResults] AS [m]
    ORDER BY [m].[AnalyzedAt] DESC
) AS [m0]
INNER JOIN [Resumes] AS [r] ON [m0].[ResumeId] = [r].[Id]
INNER JOIN [Jobs] AS [j] ON [m0].[JobId] = [j].[Id]
ORDER BY [m0].[AnalyzedAt] DESC
2026-05-30 23:04:38.600 +05:00 [INF] Executed DbCommand (2ms) [Parameters=[], CommandType='"Text"', CommandTimeout='30']
SELECT COUNT(*)
FROM [Resumes] AS [r]
2026-05-30 23:04:38.618 +05:00 [INF] Executed DbCommand (2ms) [Parameters=[], CommandType='"Text"', CommandTimeout='30']
SELECT COUNT(*)
FROM [Jobs] AS [j]
2026-05-30 23:04:38.635 +05:00 [INF] Executed DbCommand (2ms) [Parameters=[], CommandType='"Text"', CommandTimeout='30']
SELECT COUNT(*)
FROM [MatchResults] AS [m]
2026-05-30 23:04:38.650 +05:00 [INF] Executed DbCommand (1ms) [Parameters=[], CommandType='"Text"', CommandTimeout='30']
SELECT CASE
    WHEN EXISTS (
        SELECT 1
        FROM [MatchResults] AS [m]) THEN CAST(1 AS bit)
    ELSE CAST(0 AS bit)
END
2026-05-30 23:04:38.664 +05:00 [INF] Executing ViewResult, running view Index.
2026-05-30 23:04:38.688 +05:00 [INF] Executed ViewResult - view Index executed in 24.7885ms.
2026-05-30 23:04:38.698 +05:00 [INF] Executed action ResumeMatcher.Controllers.HomeController.Index (ResumeMatcher) in 129.1012ms
2026-05-30 23:04:38.710 +05:00 [INF] Executed endpoint 'ResumeMatcher.Controllers.HomeController.Index (ResumeMatcher)'
2026-05-30 23:04:38.724 +05:00 [INF] Request finished HTTP/2 GET https://localhost:7001/ - 200 null text/html; charset=utf-8 190.745ms
2026-05-30 23:04:40.421 +05:00 [INF] Request starting HTTP/2 GET https://localhost:7001/ - null null
2026-05-30 23:04:40.431 +05:00 [INF] Executing endpoint 'ResumeMatcher.Controllers.HomeController.Index (ResumeMatcher)'
2026-05-30 23:04:40.438 +05:00 [INF] Route matched with {action = "Index", controller = "Home"}. Executing controller action with signature System.Threading.Tasks.Task`1[Microsoft.AspNetCore.Mvc.IActionResult] Index() on controller ResumeMatcher.Controllers.HomeController (ResumeMatcher).
2026-05-30 23:04:40.450 +05:00 [INF] Executed DbCommand (1ms) [Parameters=[@p='?' (DbType = Int32)], CommandType='"Text"', CommandTimeout='30']
SELECT [m0].[Id], [m0].[AISummary], [m0].[AnalyzedAt], [m0].[JobId], [m0].[MatchScore], [m0].[MatchedSkills], [m0].[MissingSkills], [m0].[Recommendation], [m0].[ResumeId], [r].[Id], [r].[CandidateName], [r].[Education], [r].[Experience], [r].[ExtractedText], [r].[FileName], [r].[Skills], [r].[UploadedAt], [j].[Id], [j].[Company], [j].[CreatedAt], [j].[Description], [j].[IsActive], [j].[Location], [j].[RequiredExperience], [j].[RequiredSkills], [j].[Title]
FROM (
    SELECT TOP(@p) [m].[Id], [m].[AISummary], [m].[AnalyzedAt], [m].[JobId], [m].[MatchScore], [m].[MatchedSkills], [m].[MissingSkills], [m].[Recommendation], [m].[ResumeId]
    FROM [MatchResults] AS [m]
    ORDER BY [m].[AnalyzedAt] DESC
) AS [m0]
INNER JOIN [Resumes] AS [r] ON [m0].[ResumeId] = [r].[Id]
INNER JOIN [Jobs] AS [j] ON [m0].[JobId] = [j].[Id]
ORDER BY [m0].[AnalyzedAt] DESC
2026-05-30 23:04:40.460 +05:00 [INF] Executed DbCommand (1ms) [Parameters=[], CommandType='"Text"', CommandTimeout='30']
SELECT COUNT(*)
FROM [Resumes] AS [r]
2026-05-30 23:04:40.471 +05:00 [INF] Executed DbCommand (1ms) [Parameters=[], CommandType='"Text"', CommandTimeout='30']
SELECT COUNT(*)
FROM [Jobs] AS [j]
2026-05-30 23:04:40.479 +05:00 [INF] Executed DbCommand (1ms) [Parameters=[], CommandType='"Text"', CommandTimeout='30']
SELECT COUNT(*)
FROM [MatchResults] AS [m]
2026-05-30 23:04:40.489 +05:00 [INF] Executed DbCommand (1ms) [Parameters=[], CommandType='"Text"', CommandTimeout='30']
SELECT CASE
    WHEN EXISTS (
        SELECT 1
        FROM [MatchResults] AS [m]) THEN CAST(1 AS bit)
    ELSE CAST(0 AS bit)
END
2026-05-30 23:04:40.497 +05:00 [INF] Executing ViewResult, running view Index.
2026-05-30 23:04:40.502 +05:00 [INF] Executed ViewResult - view Index executed in 5.155ms.
2026-05-30 23:04:40.507 +05:00 [INF] Executed action ResumeMatcher.Controllers.HomeController.Index (ResumeMatcher) in 62.5415ms
2026-05-30 23:04:40.516 +05:00 [INF] Executed endpoint 'ResumeMatcher.Controllers.HomeController.Index (ResumeMatcher)'
2026-05-30 23:04:40.523 +05:00 [INF] Request finished HTTP/2 GET https://localhost:7001/ - 200 null text/html; charset=utf-8 101.8299ms
2026-05-30 23:04:41.492 +05:00 [INF] Request starting HTTP/2 GET https://localhost:7001/ - null null
2026-05-30 23:04:41.512 +05:00 [INF] Executing endpoint 'ResumeMatcher.Controllers.HomeController.Index (ResumeMatcher)'
2026-05-30 23:04:41.522 +05:00 [INF] Route matched with {action = "Index", controller = "Home"}. Executing controller action with signature System.Threading.Tasks.Task`1[Microsoft.AspNetCore.Mvc.IActionResult] Index() on controller ResumeMatcher.Controllers.HomeController (ResumeMatcher).
2026-05-30 23:04:41.543 +05:00 [INF] Executed DbCommand (2ms) [Parameters=[@p='?' (DbType = Int32)], CommandType='"Text"', CommandTimeout='30']
SELECT [m0].[Id], [m0].[AISummary], [m0].[AnalyzedAt], [m0].[JobId], [m0].[MatchScore], [m0].[MatchedSkills], [m0].[MissingSkills], [m0].[Recommendation], [m0].[ResumeId], [r].[Id], [r].[CandidateName], [r].[Education], [r].[Experience], [r].[ExtractedText], [r].[FileName], [r].[Skills], [r].[UploadedAt], [j].[Id], [j].[Company], [j].[CreatedAt], [j].[Description], [j].[IsActive], [j].[Location], [j].[RequiredExperience], [j].[RequiredSkills], [j].[Title]
FROM (
    SELECT TOP(@p) [m].[Id], [m].[AISummary], [m].[AnalyzedAt], [m].[JobId], [m].[MatchScore], [m].[MatchedSkills], [m].[MissingSkills], [m].[Recommendation], [m].[ResumeId]
    FROM [MatchResults] AS [m]
    ORDER BY [m].[AnalyzedAt] DESC
) AS [m0]
INNER JOIN [Resumes] AS [r] ON [m0].[ResumeId] = [r].[Id]
INNER JOIN [Jobs] AS [j] ON [m0].[JobId] = [j].[Id]
ORDER BY [m0].[AnalyzedAt] DESC
2026-05-30 23:04:41.560 +05:00 [INF] Executed DbCommand (1ms) [Parameters=[], CommandType='"Text"', CommandTimeout='30']
SELECT COUNT(*)
FROM [Resumes] AS [r]
2026-05-30 23:04:41.576 +05:00 [INF] Executed DbCommand (1ms) [Parameters=[], CommandType='"Text"', CommandTimeout='30']
SELECT COUNT(*)
FROM [Jobs] AS [j]
2026-05-30 23:04:41.592 +05:00 [INF] Executed DbCommand (1ms) [Parameters=[], CommandType='"Text"', CommandTimeout='30']
SELECT COUNT(*)
FROM [MatchResults] AS [m]
2026-05-30 23:04:41.608 +05:00 [INF] Executed DbCommand (1ms) [Parameters=[], CommandType='"Text"', CommandTimeout='30']
SELECT CASE
    WHEN EXISTS (
        SELECT 1
        FROM [MatchResults] AS [m]) THEN CAST(1 AS bit)
    ELSE CAST(0 AS bit)
END
2026-05-30 23:04:41.623 +05:00 [INF] Executing ViewResult, running view Index.
2026-05-30 23:04:41.631 +05:00 [INF] Executed ViewResult - view Index executed in 8.3509ms.
2026-05-30 23:04:41.646 +05:00 [INF] Executed action ResumeMatcher.Controllers.HomeController.Index (ResumeMatcher) in 110.3455ms
2026-05-30 23:04:41.662 +05:00 [INF] Executed endpoint 'ResumeMatcher.Controllers.HomeController.Index (ResumeMatcher)'
2026-05-30 23:04:41.673 +05:00 [INF] Request finished HTTP/2 GET https://localhost:7001/ - 200 null text/html; charset=utf-8 180.3221ms
2026-05-30 23:04:42.153 +05:00 [INF] Request starting HTTP/2 GET https://localhost:7001/ - null null
2026-05-30 23:04:42.163 +05:00 [INF] Executing endpoint 'ResumeMatcher.Controllers.HomeController.Index (ResumeMatcher)'
2026-05-30 23:04:42.168 +05:00 [INF] Route matched with {action = "Index", controller = "Home"}. Executing controller action with signature System.Threading.Tasks.Task`1[Microsoft.AspNetCore.Mvc.IActionResult] Index() on controller ResumeMatcher.Controllers.HomeController (ResumeMatcher).
2026-05-30 23:04:42.180 +05:00 [INF] Executed DbCommand (1ms) [Parameters=[@p='?' (DbType = Int32)], CommandType='"Text"', CommandTimeout='30']
SELECT [m0].[Id], [m0].[AISummary], [m0].[AnalyzedAt], [m0].[JobId], [m0].[MatchScore], [m0].[MatchedSkills], [m0].[MissingSkills], [m0].[Recommendation], [m0].[ResumeId], [r].[Id], [r].[CandidateName], [r].[Education], [r].[Experience], [r].[ExtractedText], [r].[FileName], [r].[Skills], [r].[UploadedAt], [j].[Id], [j].[Company], [j].[CreatedAt], [j].[Description], [j].[IsActive], [j].[Location], [j].[RequiredExperience], [j].[RequiredSkills], [j].[Title]
FROM (
    SELECT TOP(@p) [m].[Id], [m].[AISummary], [m].[AnalyzedAt], [m].[JobId], [m].[MatchScore], [m].[MatchedSkills], [m].[MissingSkills], [m].[Recommendation], [m].[ResumeId]
    FROM [MatchResults] AS [m]
    ORDER BY [m].[AnalyzedAt] DESC
) AS [m0]
INNER JOIN [Resumes] AS [r] ON [m0].[ResumeId] = [r].[Id]
INNER JOIN [Jobs] AS [j] ON [m0].[JobId] = [j].[Id]
ORDER BY [m0].[AnalyzedAt] DESC
2026-05-30 23:04:42.190 +05:00 [INF] Executed DbCommand (1ms) [Parameters=[], CommandType='"Text"', CommandTimeout='30']
SELECT COUNT(*)
FROM [Resumes] AS [r]
2026-05-30 23:04:42.200 +05:00 [INF] Executed DbCommand (1ms) [Parameters=[], CommandType='"Text"', CommandTimeout='30']
SELECT COUNT(*)
FROM [Jobs] AS [j]
2026-05-30 23:04:42.209 +05:00 [INF] Executed DbCommand (1ms) [Parameters=[], CommandType='"Text"', CommandTimeout='30']
SELECT COUNT(*)
FROM [MatchResults] AS [m]
2026-05-30 23:04:42.219 +05:00 [INF] Executed DbCommand (1ms) [Parameters=[], CommandType='"Text"', CommandTimeout='30']
SELECT CASE
    WHEN EXISTS (
        SELECT 1
        FROM [MatchResults] AS [m]) THEN CAST(1 AS bit)
    ELSE CAST(0 AS bit)
END
2026-05-30 23:04:42.227 +05:00 [INF] Executing ViewResult, running view Index.
2026-05-30 23:04:42.232 +05:00 [INF] Executed ViewResult - view Index executed in 4.5717ms.
2026-05-30 23:04:42.238 +05:00 [INF] Executed action ResumeMatcher.Controllers.HomeController.Index (ResumeMatcher) in 62.3482ms
2026-05-30 23:04:42.247 +05:00 [INF] Executed endpoint 'ResumeMatcher.Controllers.HomeController.Index (ResumeMatcher)'
2026-05-30 23:04:42.255 +05:00 [INF] Request finished HTTP/2 GET https://localhost:7001/ - 200 null text/html; charset=utf-8 102.6223ms
2026-05-30 23:04:42.313 +05:00 [INF] Request starting HTTP/2 GET https://localhost:7001/ - null null
2026-05-30 23:04:42.327 +05:00 [INF] Executing endpoint 'ResumeMatcher.Controllers.HomeController.Index (ResumeMatcher)'
2026-05-30 23:04:42.336 +05:00 [INF] Route matched with {action = "Index", controller = "Home"}. Executing controller action with signature System.Threading.Tasks.Task`1[Microsoft.AspNetCore.Mvc.IActionResult] Index() on controller ResumeMatcher.Controllers.HomeController (ResumeMatcher).
2026-05-30 23:04:42.348 +05:00 [INF] Executed DbCommand (1ms) [Parameters=[@p='?' (DbType = Int32)], CommandType='"Text"', CommandTimeout='30']
SELECT [m0].[Id], [m0].[AISummary], [m0].[AnalyzedAt], [m0].[JobId], [m0].[MatchScore], [m0].[MatchedSkills], [m0].[MissingSkills], [m0].[Recommendation], [m0].[ResumeId], [r].[Id], [r].[CandidateName], [r].[Education], [r].[Experience], [r].[ExtractedText], [r].[FileName], [r].[Skills], [r].[UploadedAt], [j].[Id], [j].[Company], [j].[CreatedAt], [j].[Description], [j].[IsActive], [j].[Location], [j].[RequiredExperience], [j].[RequiredSkills], [j].[Title]
FROM (
    SELECT TOP(@p) [m].[Id], [m].[AISummary], [m].[AnalyzedAt], [m].[JobId], [m].[MatchScore], [m].[MatchedSkills], [m].[MissingSkills], [m].[Recommendation], [m].[ResumeId]
    FROM [MatchResults] AS [m]
    ORDER BY [m].[AnalyzedAt] DESC
) AS [m0]
INNER JOIN [Resumes] AS [r] ON [m0].[ResumeId] = [r].[Id]
INNER JOIN [Jobs] AS [j] ON [m0].[JobId] = [j].[Id]
ORDER BY [m0].[AnalyzedAt] DESC
2026-05-30 23:04:42.359 +05:00 [INF] Executed DbCommand (1ms) [Parameters=[], CommandType='"Text"', CommandTimeout='30']
SELECT COUNT(*)
FROM [Resumes] AS [r]
2026-05-30 23:04:42.369 +05:00 [INF] Executed DbCommand (1ms) [Parameters=[], CommandType='"Text"', CommandTimeout='30']
SELECT COUNT(*)
FROM [Jobs] AS [j]
2026-05-30 23:04:42.378 +05:00 [INF] Executed DbCommand (1ms) [Parameters=[], CommandType='"Text"', CommandTimeout='30']
SELECT COUNT(*)
FROM [MatchResults] AS [m]
2026-05-30 23:04:42.395 +05:00 [INF] Executed DbCommand (1ms) [Parameters=[], CommandType='"Text"', CommandTimeout='30']
SELECT CASE
    WHEN EXISTS (
        SELECT 1
        FROM [MatchResults] AS [m]) THEN CAST(1 AS bit)
    ELSE CAST(0 AS bit)
END
2026-05-30 23:04:42.404 +05:00 [INF] Executing ViewResult, running view Index.
2026-05-30 23:04:42.409 +05:00 [INF] Executed ViewResult - view Index executed in 4.9905ms.
2026-05-30 23:04:42.415 +05:00 [INF] Executed action ResumeMatcher.Controllers.HomeController.Index (ResumeMatcher) in 72.3337ms
2026-05-30 23:04:42.423 +05:00 [INF] Executed endpoint 'ResumeMatcher.Controllers.HomeController.Index (ResumeMatcher)'
2026-05-30 23:04:42.429 +05:00 [INF] Request finished HTTP/2 GET https://localhost:7001/ - 200 null text/html; charset=utf-8 115.9636ms
2026-05-30 23:04:42.549 +05:00 [INF] Request starting HTTP/2 GET https://localhost:7001/ - null null
2026-05-30 23:04:42.562 +05:00 [INF] Executing endpoint 'ResumeMatcher.Controllers.HomeController.Index (ResumeMatcher)'
2026-05-30 23:04:42.569 +05:00 [INF] Route matched with {action = "Index", controller = "Home"}. Executing controller action with signature System.Threading.Tasks.Task`1[Microsoft.AspNetCore.Mvc.IActionResult] Index() on controller ResumeMatcher.Controllers.HomeController (ResumeMatcher).
2026-05-30 23:04:42.581 +05:00 [INF] Executed DbCommand (1ms) [Parameters=[@p='?' (DbType = Int32)], CommandType='"Text"', CommandTimeout='30']
SELECT [m0].[Id], [m0].[AISummary], [m0].[AnalyzedAt], [m0].[JobId], [m0].[MatchScore], [m0].[MatchedSkills], [m0].[MissingSkills], [m0].[Recommendation], [m0].[ResumeId], [r].[Id], [r].[CandidateName], [r].[Education], [r].[Experience], [r].[ExtractedText], [r].[FileName], [r].[Skills], [r].[UploadedAt], [j].[Id], [j].[Company], [j].[CreatedAt], [j].[Description], [j].[IsActive], [j].[Location], [j].[RequiredExperience], [j].[RequiredSkills], [j].[Title]
FROM (
    SELECT TOP(@p) [m].[Id], [m].[AISummary], [m].[AnalyzedAt], [m].[JobId], [m].[MatchScore], [m].[MatchedSkills], [m].[MissingSkills], [m].[Recommendation], [m].[ResumeId]
    FROM [MatchResults] AS [m]
    ORDER BY [m].[AnalyzedAt] DESC
) AS [m0]
INNER JOIN [Resumes] AS [r] ON [m0].[ResumeId] = [r].[Id]
INNER JOIN [Jobs] AS [j] ON [m0].[JobId] = [j].[Id]
ORDER BY [m0].[AnalyzedAt] DESC
2026-05-30 23:04:42.591 +05:00 [INF] Executed DbCommand (1ms) [Parameters=[], CommandType='"Text"', CommandTimeout='30']
SELECT COUNT(*)
FROM [Resumes] AS [r]
2026-05-30 23:04:42.603 +05:00 [INF] Executed DbCommand (1ms) [Parameters=[], CommandType='"Text"', CommandTimeout='30']
SELECT COUNT(*)
FROM [Jobs] AS [j]
2026-05-30 23:04:42.613 +05:00 [INF] Executed DbCommand (1ms) [Parameters=[], CommandType='"Text"', CommandTimeout='30']
SELECT COUNT(*)
FROM [MatchResults] AS [m]
2026-05-30 23:04:42.625 +05:00 [INF] Executed DbCommand (1ms) [Parameters=[], CommandType='"Text"', CommandTimeout='30']
SELECT CASE
    WHEN EXISTS (
        SELECT 1
        FROM [MatchResults] AS [m]) THEN CAST(1 AS bit)
    ELSE CAST(0 AS bit)
END
2026-05-30 23:04:42.645 +05:00 [INF] Executing ViewResult, running view Index.
2026-05-30 23:04:42.654 +05:00 [INF] Executed ViewResult - view Index executed in 9.024ms.
2026-05-30 23:04:42.667 +05:00 [INF] Executed action ResumeMatcher.Controllers.HomeController.Index (ResumeMatcher) in 90.6447ms
2026-05-30 23:04:42.675 +05:00 [INF] Executed endpoint 'ResumeMatcher.Controllers.HomeController.Index (ResumeMatcher)'
2026-05-30 23:04:42.682 +05:00 [INF] Request finished HTTP/2 GET https://localhost:7001/ - 200 null text/html; charset=utf-8 132.1672ms
2026-05-30 23:05:00.599 +05:00 [INF] Request starting HTTP/2 GET https://localhost:7001/ - null null
2026-05-30 23:05:00.620 +05:00 [INF] Executing endpoint 'ResumeMatcher.Controllers.HomeController.Index (ResumeMatcher)'
2026-05-30 23:05:00.628 +05:00 [INF] Route matched with {action = "Index", controller = "Home"}. Executing controller action with signature System.Threading.Tasks.Task`1[Microsoft.AspNetCore.Mvc.IActionResult] Index() on controller ResumeMatcher.Controllers.HomeController (ResumeMatcher).
2026-05-30 23:05:00.649 +05:00 [INF] Executed DbCommand (2ms) [Parameters=[@p='?' (DbType = Int32)], CommandType='"Text"', CommandTimeout='30']
SELECT [m0].[Id], [m0].[AISummary], [m0].[AnalyzedAt], [m0].[JobId], [m0].[MatchScore], [m0].[MatchedSkills], [m0].[MissingSkills], [m0].[Recommendation], [m0].[ResumeId], [r].[Id], [r].[CandidateName], [r].[Education], [r].[Experience], [r].[ExtractedText], [r].[FileName], [r].[Skills], [r].[UploadedAt], [j].[Id], [j].[Company], [j].[CreatedAt], [j].[Description], [j].[IsActive], [j].[Location], [j].[RequiredExperience], [j].[RequiredSkills], [j].[Title]
FROM (
    SELECT TOP(@p) [m].[Id], [m].[AISummary], [m].[AnalyzedAt], [m].[JobId], [m].[MatchScore], [m].[MatchedSkills], [m].[MissingSkills], [m].[Recommendation], [m].[ResumeId]
    FROM [MatchResults] AS [m]
    ORDER BY [m].[AnalyzedAt] DESC
) AS [m0]
INNER JOIN [Resumes] AS [r] ON [m0].[ResumeId] = [r].[Id]
INNER JOIN [Jobs] AS [j] ON [m0].[JobId] = [j].[Id]
ORDER BY [m0].[AnalyzedAt] DESC
2026-05-30 23:05:00.668 +05:00 [INF] Executed DbCommand (2ms) [Parameters=[], CommandType='"Text"', CommandTimeout='30']
SELECT COUNT(*)
FROM [Resumes] AS [r]
2026-05-30 23:05:00.684 +05:00 [INF] Executed DbCommand (2ms) [Parameters=[], CommandType='"Text"', CommandTimeout='30']
SELECT COUNT(*)
FROM [Jobs] AS [j]
2026-05-30 23:05:00.699 +05:00 [INF] Executed DbCommand (1ms) [Parameters=[], CommandType='"Text"', CommandTimeout='30']
SELECT COUNT(*)
FROM [MatchResults] AS [m]
2026-05-30 23:05:00.727 +05:00 [INF] Executed DbCommand (2ms) [Parameters=[], CommandType='"Text"', CommandTimeout='30']
SELECT CASE
    WHEN EXISTS (
        SELECT 1
        FROM [MatchResults] AS [m]) THEN CAST(1 AS bit)
    ELSE CAST(0 AS bit)
END
2026-05-30 23:05:00.742 +05:00 [INF] Executing ViewResult, running view Index.
2026-05-30 23:05:00.750 +05:00 [INF] Executed ViewResult - view Index executed in 8.5099ms.
2026-05-30 23:05:00.761 +05:00 [INF] Executed action ResumeMatcher.Controllers.HomeController.Index (ResumeMatcher) in 120.4001ms
2026-05-30 23:05:00.775 +05:00 [INF] Executed endpoint 'ResumeMatcher.Controllers.HomeController.Index (ResumeMatcher)'
2026-05-30 23:05:00.785 +05:00 [INF] Request finished HTTP/2 GET https://localhost:7001/ - 200 null text/html; charset=utf-8 185.6375ms
2026-05-30 23:05:00.839 +05:00 [INF] Request starting HTTP/2 GET https://localhost:7001/favicon.ico - null null
2026-05-30 23:05:00.854 +05:00 [INF] Sending file. Request path: '/favicon.ico'. Physical path: 'C:\Users\BOSS\VS\ResumeMatcher\wwwroot\favicon.ico'
2026-05-30 23:05:00.861 +05:00 [INF] Request finished HTTP/2 GET https://localhost:7001/favicon.ico - 200 5430 image/x-icon 21.857ms
2026-05-30 23:05:03.591 +05:00 [INF] Request starting HTTP/2 GET https://localhost:7001/ - null null
2026-05-30 23:05:03.609 +05:00 [INF] Executing endpoint 'ResumeMatcher.Controllers.HomeController.Index (ResumeMatcher)'
2026-05-30 23:05:03.618 +05:00 [INF] Route matched with {action = "Index", controller = "Home"}. Executing controller action with signature System.Threading.Tasks.Task`1[Microsoft.AspNetCore.Mvc.IActionResult] Index() on controller ResumeMatcher.Controllers.HomeController (ResumeMatcher).
2026-05-30 23:05:03.640 +05:00 [INF] Executed DbCommand (2ms) [Parameters=[@p='?' (DbType = Int32)], CommandType='"Text"', CommandTimeout='30']
SELECT [m0].[Id], [m0].[AISummary], [m0].[AnalyzedAt], [m0].[JobId], [m0].[MatchScore], [m0].[MatchedSkills], [m0].[MissingSkills], [m0].[Recommendation], [m0].[ResumeId], [r].[Id], [r].[CandidateName], [r].[Education], [r].[Experience], [r].[ExtractedText], [r].[FileName], [r].[Skills], [r].[UploadedAt], [j].[Id], [j].[Company], [j].[CreatedAt], [j].[Description], [j].[IsActive], [j].[Location], [j].[RequiredExperience], [j].[RequiredSkills], [j].[Title]
FROM (
    SELECT TOP(@p) [m].[Id], [m].[AISummary], [m].[AnalyzedAt], [m].[JobId], [m].[MatchScore], [m].[MatchedSkills], [m].[MissingSkills], [m].[Recommendation], [m].[ResumeId]
    FROM [MatchResults] AS [m]
    ORDER BY [m].[AnalyzedAt] DESC
) AS [m0]
INNER JOIN [Resumes] AS [r] ON [m0].[ResumeId] = [r].[Id]
INNER JOIN [Jobs] AS [j] ON [m0].[JobId] = [j].[Id]
ORDER BY [m0].[AnalyzedAt] DESC
2026-05-30 23:05:03.662 +05:00 [INF] Executed DbCommand (1ms) [Parameters=[], CommandType='"Text"', CommandTimeout='30']
SELECT COUNT(*)
FROM [Resumes] AS [r]
2026-05-30 23:05:03.679 +05:00 [INF] Executed DbCommand (1ms) [Parameters=[], CommandType='"Text"', CommandTimeout='30']
SELECT COUNT(*)
FROM [Jobs] AS [j]
2026-05-30 23:05:03.695 +05:00 [INF] Executed DbCommand (1ms) [Parameters=[], CommandType='"Text"', CommandTimeout='30']
SELECT COUNT(*)
FROM [MatchResults] AS [m]
2026-05-30 23:05:03.712 +05:00 [INF] Executed DbCommand (1ms) [Parameters=[], CommandType='"Text"', CommandTimeout='30']
SELECT CASE
    WHEN EXISTS (
        SELECT 1
        FROM [MatchResults] AS [m]) THEN CAST(1 AS bit)
    ELSE CAST(0 AS bit)
END
2026-05-30 23:05:03.726 +05:00 [INF] Executing ViewResult, running view Index.
2026-05-30 23:05:03.736 +05:00 [INF] Executed ViewResult - view Index executed in 9.4951ms.
2026-05-30 23:05:03.746 +05:00 [INF] Executed action ResumeMatcher.Controllers.HomeController.Index (ResumeMatcher) in 112.5474ms
2026-05-30 23:05:03.759 +05:00 [INF] Executed endpoint 'ResumeMatcher.Controllers.HomeController.Index (ResumeMatcher)'
2026-05-30 23:05:03.770 +05:00 [INF] Request finished HTTP/2 GET https://localhost:7001/ - 200 null text/html; charset=utf-8 178.8407ms
2026-05-30 23:05:03.821 +05:00 [INF] Request starting HTTP/2 GET https://localhost:7001/favicon.ico - null null
2026-05-30 23:05:03.832 +05:00 [INF] Sending file. Request path: '/favicon.ico'. Physical path: 'C:\Users\BOSS\VS\ResumeMatcher\wwwroot\favicon.ico'
2026-05-30 23:05:03.836 +05:00 [INF] Request finished HTTP/2 GET https://localhost:7001/favicon.ico - 200 5430 image/x-icon 15.5818ms
2026-05-30 23:05:06.025 +05:00 [INF] Request starting HTTP/2 GET https://localhost:7001/ - null null
2026-05-30 23:05:06.051 +05:00 [INF] Executing endpoint 'ResumeMatcher.Controllers.HomeController.Index (ResumeMatcher)'
2026-05-30 23:05:06.059 +05:00 [INF] Route matched with {action = "Index", controller = "Home"}. Executing controller action with signature System.Threading.Tasks.Task`1[Microsoft.AspNetCore.Mvc.IActionResult] Index() on controller ResumeMatcher.Controllers.HomeController (ResumeMatcher).
2026-05-30 23:05:06.083 +05:00 [INF] Executed DbCommand (2ms) [Parameters=[@p='?' (DbType = Int32)], CommandType='"Text"', CommandTimeout='30']
SELECT [m0].[Id], [m0].[AISummary], [m0].[AnalyzedAt], [m0].[JobId], [m0].[MatchScore], [m0].[MatchedSkills], [m0].[MissingSkills], [m0].[Recommendation], [m0].[ResumeId], [r].[Id], [r].[CandidateName], [r].[Education], [r].[Experience], [r].[ExtractedText], [r].[FileName], [r].[Skills], [r].[UploadedAt], [j].[Id], [j].[Company], [j].[CreatedAt], [j].[Description], [j].[IsActive], [j].[Location], [j].[RequiredExperience], [j].[RequiredSkills], [j].[Title]
FROM (
    SELECT TOP(@p) [m].[Id], [m].[AISummary], [m].[AnalyzedAt], [m].[JobId], [m].[MatchScore], [m].[MatchedSkills], [m].[MissingSkills], [m].[Recommendation], [m].[ResumeId]
    FROM [MatchResults] AS [m]
    ORDER BY [m].[AnalyzedAt] DESC
) AS [m0]
INNER JOIN [Resumes] AS [r] ON [m0].[ResumeId] = [r].[Id]
INNER JOIN [Jobs] AS [j] ON [m0].[JobId] = [j].[Id]
ORDER BY [m0].[AnalyzedAt] DESC
2026-05-30 23:05:06.105 +05:00 [INF] Executed DbCommand (2ms) [Parameters=[], CommandType='"Text"', CommandTimeout='30']
SELECT COUNT(*)
FROM [Resumes] AS [r]
2026-05-30 23:05:06.125 +05:00 [INF] Executed DbCommand (2ms) [Parameters=[], CommandType='"Text"', CommandTimeout='30']
SELECT COUNT(*)
FROM [Jobs] AS [j]
2026-05-30 23:05:06.143 +05:00 [INF] Executed DbCommand (1ms) [Parameters=[], CommandType='"Text"', CommandTimeout='30']
SELECT COUNT(*)
FROM [MatchResults] AS [m]
2026-05-30 23:05:06.161 +05:00 [INF] Executed DbCommand (2ms) [Parameters=[], CommandType='"Text"', CommandTimeout='30']
SELECT CASE
    WHEN EXISTS (
        SELECT 1
        FROM [MatchResults] AS [m]) THEN CAST(1 AS bit)
    ELSE CAST(0 AS bit)
END
2026-05-30 23:05:06.177 +05:00 [INF] Executing ViewResult, running view Index.
2026-05-30 23:05:06.186 +05:00 [INF] Executed ViewResult - view Index executed in 8.773ms.
2026-05-30 23:05:06.198 +05:00 [INF] Executed action ResumeMatcher.Controllers.HomeController.Index (ResumeMatcher) in 122.3676ms
2026-05-30 23:05:06.210 +05:00 [INF] Executed endpoint 'ResumeMatcher.Controllers.HomeController.Index (ResumeMatcher)'
2026-05-30 23:05:06.223 +05:00 [INF] Request finished HTTP/2 GET https://localhost:7001/ - 200 null text/html; charset=utf-8 197.9229ms
2026-05-30 23:05:07.336 +05:00 [INF] Request starting HTTP/2 GET https://localhost:7001/ - null null
2026-05-30 23:05:07.358 +05:00 [INF] Executing endpoint 'ResumeMatcher.Controllers.HomeController.Index (ResumeMatcher)'
2026-05-30 23:05:07.368 +05:00 [INF] Route matched with {action = "Index", controller = "Home"}. Executing controller action with signature System.Threading.Tasks.Task`1[Microsoft.AspNetCore.Mvc.IActionResult] Index() on controller ResumeMatcher.Controllers.HomeController (ResumeMatcher).
2026-05-30 23:05:07.391 +05:00 [INF] Executed DbCommand (2ms) [Parameters=[@p='?' (DbType = Int32)], CommandType='"Text"', CommandTimeout='30']
SELECT [m0].[Id], [m0].[AISummary], [m0].[AnalyzedAt], [m0].[JobId], [m0].[MatchScore], [m0].[MatchedSkills], [m0].[MissingSkills], [m0].[Recommendation], [m0].[ResumeId], [r].[Id], [r].[CandidateName], [r].[Education], [r].[Experience], [r].[ExtractedText], [r].[FileName], [r].[Skills], [r].[UploadedAt], [j].[Id], [j].[Company], [j].[CreatedAt], [j].[Description], [j].[IsActive], [j].[Location], [j].[RequiredExperience], [j].[RequiredSkills], [j].[Title]
FROM (
    SELECT TOP(@p) [m].[Id], [m].[AISummary], [m].[AnalyzedAt], [m].[JobId], [m].[MatchScore], [m].[MatchedSkills], [m].[MissingSkills], [m].[Recommendation], [m].[ResumeId]
    FROM [MatchResults] AS [m]
    ORDER BY [m].[AnalyzedAt] DESC
) AS [m0]
INNER JOIN [Resumes] AS [r] ON [m0].[ResumeId] = [r].[Id]
INNER JOIN [Jobs] AS [j] ON [m0].[JobId] = [j].[Id]
ORDER BY [m0].[AnalyzedAt] DESC
2026-05-30 23:05:07.415 +05:00 [INF] Executed DbCommand (2ms) [Parameters=[], CommandType='"Text"', CommandTimeout='30']
SELECT COUNT(*)
FROM [Resumes] AS [r]
2026-05-30 23:05:07.435 +05:00 [INF] Executed DbCommand (1ms) [Parameters=[], CommandType='"Text"', CommandTimeout='30']
SELECT COUNT(*)
FROM [Jobs] AS [j]
2026-05-30 23:05:07.450 +05:00 [INF] Executed DbCommand (1ms) [Parameters=[], CommandType='"Text"', CommandTimeout='30']
SELECT COUNT(*)
FROM [MatchResults] AS [m]
2026-05-30 23:05:07.466 +05:00 [INF] Executed DbCommand (1ms) [Parameters=[], CommandType='"Text"', CommandTimeout='30']
SELECT CASE
    WHEN EXISTS (
        SELECT 1
        FROM [MatchResults] AS [m]) THEN CAST(1 AS bit)
    ELSE CAST(0 AS bit)
END
2026-05-30 23:05:07.479 +05:00 [INF] Executing ViewResult, running view Index.
2026-05-30 23:05:07.487 +05:00 [INF] Executed ViewResult - view Index executed in 7.7452ms.
2026-05-30 23:05:07.497 +05:00 [INF] Executed action ResumeMatcher.Controllers.HomeController.Index (ResumeMatcher) in 112.9601ms
2026-05-30 23:05:07.510 +05:00 [INF] Executed endpoint 'ResumeMatcher.Controllers.HomeController.Index (ResumeMatcher)'
2026-05-30 23:05:07.522 +05:00 [INF] Request finished HTTP/2 GET https://localhost:7001/ - 200 null text/html; charset=utf-8 186.4699ms
2026-05-30 23:05:51.303 +05:00 [INF] Application is shutting down...
2026-05-30 23:06:16.091 +05:00 [INF] Executed DbCommand (54ms) [Parameters=[], CommandType='"Text"', CommandTimeout='30']
SELECT 1
2026-05-30 23:06:16.314 +05:00 [INF] Executed DbCommand (89ms) [Parameters=[], CommandType='"Text"', CommandTimeout='30']

IF EXISTS
    (SELECT *
     FROM [sys].[objects] o
     WHERE [o].[type] = 'U'
     AND [o].[is_ms_shipped] = 0
     AND [o].[object_id] NOT IN (SELECT [ep].[major_id]
        FROM [sys].[extended_properties] AS [ep]
        WHERE [ep].[minor_id] = 0
            AND [ep].[class] = 1
            AND [ep].[name] = N'microsoft_database_tools_support'
    )
)
SELECT 1 ELSE SELECT 0
2026-05-30 23:06:16.361 +05:00 [INF] User profile is available. Using 'C:\Users\BOSS\AppData\Local\ASP.NET\DataProtection-Keys' as key repository and Windows DPAPI to encrypt keys at rest.
2026-05-30 23:06:16.595 +05:00 [INF] Now listening on: https://localhost:7001
2026-05-30 23:06:16.599 +05:00 [INF] Now listening on: http://localhost:5001
2026-05-30 23:06:16.607 +05:00 [INF] Application started. Press Ctrl+C to shut down.
2026-05-30 23:06:16.611 +05:00 [INF] Hosting environment: Development
2026-05-30 23:06:16.614 +05:00 [INF] Content root path: C:\Users\BOSS\VS\ResumeMatcher
2026-05-30 23:06:47.657 +05:00 [INF] Request starting HTTP/2 GET https://localhost:7001/ - null null
2026-05-30 23:06:47.719 +05:00 [INF] Executing endpoint 'ResumeMatcher.Controllers.HomeController.Index (ResumeMatcher)'
2026-05-30 23:06:47.776 +05:00 [INF] Route matched with {action = "Index", controller = "Home"}. Executing controller action with signature System.Threading.Tasks.Task`1[Microsoft.AspNetCore.Mvc.IActionResult] Index() on controller ResumeMatcher.Controllers.HomeController (ResumeMatcher).
2026-05-30 23:06:48.890 +05:00 [INF] Executed DbCommand (83ms) [Parameters=[@p='?' (DbType = Int32)], CommandType='"Text"', CommandTimeout='30']
SELECT [m0].[Id], [m0].[AISummary], [m0].[AnalyzedAt], [m0].[JobId], [m0].[MatchScore], [m0].[MatchedSkills], [m0].[MissingSkills], [m0].[Recommendation], [m0].[ResumeId], [r].[Id], [r].[CandidateName], [r].[Education], [r].[Experience], [r].[ExtractedText], [r].[FileName], [r].[Skills], [r].[UploadedAt], [j].[Id], [j].[Company], [j].[CreatedAt], [j].[Description], [j].[IsActive], [j].[Location], [j].[RequiredExperience], [j].[RequiredSkills], [j].[Title]
FROM (
    SELECT TOP(@p) [m].[Id], [m].[AISummary], [m].[AnalyzedAt], [m].[JobId], [m].[MatchScore], [m].[MatchedSkills], [m].[MissingSkills], [m].[Recommendation], [m].[ResumeId]
    FROM [MatchResults] AS [m]
    ORDER BY [m].[AnalyzedAt] DESC
) AS [m0]
INNER JOIN [Resumes] AS [r] ON [m0].[ResumeId] = [r].[Id]
INNER JOIN [Jobs] AS [j] ON [m0].[JobId] = [j].[Id]
ORDER BY [m0].[AnalyzedAt] DESC
2026-05-30 23:06:48.977 +05:00 [INF] Executed DbCommand (3ms) [Parameters=[], CommandType='"Text"', CommandTimeout='30']
SELECT COUNT(*)
FROM [Resumes] AS [r]
2026-05-30 23:06:49.001 +05:00 [INF] Executed DbCommand (2ms) [Parameters=[], CommandType='"Text"', CommandTimeout='30']
SELECT COUNT(*)
FROM [Jobs] AS [j]
2026-05-30 23:06:49.017 +05:00 [INF] Executed DbCommand (2ms) [Parameters=[], CommandType='"Text"', CommandTimeout='30']
SELECT COUNT(*)
FROM [MatchResults] AS [m]
2026-05-30 23:06:49.066 +05:00 [INF] Executed DbCommand (3ms) [Parameters=[], CommandType='"Text"', CommandTimeout='30']
SELECT CASE
    WHEN EXISTS (
        SELECT 1
        FROM [MatchResults] AS [m]) THEN CAST(1 AS bit)
    ELSE CAST(0 AS bit)
END
2026-05-30 23:06:49.102 +05:00 [INF] Executing ViewResult, running view Index.
2026-05-30 23:06:49.156 +05:00 [INF] Executed ViewResult - view Index executed in 51.4686ms.
2026-05-30 23:06:49.169 +05:00 [INF] Executed action ResumeMatcher.Controllers.HomeController.Index (ResumeMatcher) in 1383.697ms
2026-05-30 23:06:49.176 +05:00 [INF] Executed endpoint 'ResumeMatcher.Controllers.HomeController.Index (ResumeMatcher)'
2026-05-30 23:06:49.202 +05:00 [INF] Request finished HTTP/2 GET https://localhost:7001/ - 200 null text/html; charset=utf-8 1547.1424ms
2026-05-30 23:06:52.372 +05:00 [INF] Request starting HTTP/2 GET https://localhost:7001/ - null null
2026-05-30 23:06:52.394 +05:00 [INF] Executing endpoint 'ResumeMatcher.Controllers.HomeController.Index (ResumeMatcher)'
2026-05-30 23:06:52.402 +05:00 [INF] Route matched with {action = "Index", controller = "Home"}. Executing controller action with signature System.Threading.Tasks.Task`1[Microsoft.AspNetCore.Mvc.IActionResult] Index() on controller ResumeMatcher.Controllers.HomeController (ResumeMatcher).
2026-05-30 23:06:52.686 +05:00 [INF] Executed DbCommand (1ms) [Parameters=[@p='?' (DbType = Int32)], CommandType='"Text"', CommandTimeout='30']
SELECT [m0].[Id], [m0].[AISummary], [m0].[AnalyzedAt], [m0].[JobId], [m0].[MatchScore], [m0].[MatchedSkills], [m0].[MissingSkills], [m0].[Recommendation], [m0].[ResumeId], [r].[Id], [r].[CandidateName], [r].[Education], [r].[Experience], [r].[ExtractedText], [r].[FileName], [r].[Skills], [r].[UploadedAt], [j].[Id], [j].[Company], [j].[CreatedAt], [j].[Description], [j].[IsActive], [j].[Location], [j].[RequiredExperience], [j].[RequiredSkills], [j].[Title]
FROM (
    SELECT TOP(@p) [m].[Id], [m].[AISummary], [m].[AnalyzedAt], [m].[JobId], [m].[MatchScore], [m].[MatchedSkills], [m].[MissingSkills], [m].[Recommendation], [m].[ResumeId]
    FROM [MatchResults] AS [m]
    ORDER BY [m].[AnalyzedAt] DESC
) AS [m0]
INNER JOIN [Resumes] AS [r] ON [m0].[ResumeId] = [r].[Id]
INNER JOIN [Jobs] AS [j] ON [m0].[JobId] = [j].[Id]
ORDER BY [m0].[AnalyzedAt] DESC
2026-05-30 23:06:52.697 +05:00 [INF] Executed DbCommand (1ms) [Parameters=[], CommandType='"Text"', CommandTimeout='30']
SELECT COUNT(*)
FROM [Resumes] AS [r]
2026-05-30 23:06:52.707 +05:00 [INF] Executed DbCommand (1ms) [Parameters=[], CommandType='"Text"', CommandTimeout='30']
SELECT COUNT(*)
FROM [Jobs] AS [j]
2026-05-30 23:06:52.716 +05:00 [INF] Executed DbCommand (1ms) [Parameters=[], CommandType='"Text"', CommandTimeout='30']
SELECT COUNT(*)
FROM [MatchResults] AS [m]
2026-05-30 23:06:52.726 +05:00 [INF] Executed DbCommand (1ms) [Parameters=[], CommandType='"Text"', CommandTimeout='30']
SELECT CASE
    WHEN EXISTS (
        SELECT 1
        FROM [MatchResults] AS [m]) THEN CAST(1 AS bit)
    ELSE CAST(0 AS bit)
END
2026-05-30 23:06:52.735 +05:00 [INF] Executing ViewResult, running view Index.
2026-05-30 23:06:52.743 +05:00 [INF] Executed ViewResult - view Index executed in 8.5766ms.
2026-05-30 23:06:52.748 +05:00 [INF] Executed action ResumeMatcher.Controllers.HomeController.Index (ResumeMatcher) in 332.31ms
2026-05-30 23:06:52.755 +05:00 [INF] Executed endpoint 'ResumeMatcher.Controllers.HomeController.Index (ResumeMatcher)'
2026-05-30 23:06:52.762 +05:00 [INF] Request finished HTTP/2 GET https://localhost:7001/ - 200 null text/html; charset=utf-8 390.1713ms
